07 07 2020 08:28:04 +08:00: Server listens on port 3000
07 07 2020 08:28:11 +08:00: Server listens on port 3000
07 07 2020 09:45:07 +08:00: Server listens on port 3000
07 07 2020 09:45:11 +08:00: Server listens on port 3000
07 07 2020 09:45:13 +08:00: 
07 07 2020 09:45:13 +08:00: HTTP/1.1 200 OK
07 07 2020 09:45:13 +08:00: GET /
07 07 2020 09:45:15 +08:00: 
07 07 2020 09:45:15 +08:00: HTTP/1.1 200 OK
07 07 2020 09:45:15 +08:00: GET /test
07 07 2020 09:46:21 +08:00: Server listens on port 3000
07 07 2020 09:46:41 +08:00: 
07 07 2020 09:46:41 +08:00: HTTP/1.1 200 OK
07 07 2020 09:46:41 +08:00: GET /
07 07 2020 09:46:49 +08:00: Server listens on port 3000
07 07 2020 09:46:50 +08:00: 
07 07 2020 09:46:50 +08:00: HTTP/1.1 200 OK
07 07 2020 09:46:50 +08:00: GET /
07 07 2020 09:46:53 +08:00: Server listens on port 3000
07 07 2020 09:46:59 +08:00: Server listens on port 3000
07 07 2020 09:48:19 +08:00: Server listens on port 3000
07 07 2020 09:49:17 +08:00: Server listens on port 3000
07 07 2020 09:49:22 +08:00: 
07 07 2020 09:49:22 +08:00: HTTP/1.1 200 OK
07 07 2020 09:49:22 +08:00: GET /login
07 07 2020 09:49:22 +08:00: 
07 07 2020 09:49:22 +08:00: User e in, 7 6 2020 9:49:22
07 07 2020 09:49:22 +08:00: 
07 07 2020 09:49:22 +08:00: HTTP/1.1 200 OK
07 07 2020 09:49:22 +08:00: POST /login
07 07 2020 09:49:23 +08:00: 
07 07 2020 09:49:23 +08:00: HTTP/1.1 200 OK
07 07 2020 09:49:23 +08:00: POST /upload
07 07 2020 09:49:23 +08:00: 
07 07 2020 09:49:23 +08:00: HTTP/1.1 200 OK
07 07 2020 09:49:23 +08:00: POST /post
07 07 2020 09:49:25 +08:00: 
07 07 2020 09:49:25 +08:00: HTTP/1.1 200 OK
07 07 2020 09:49:25 +08:00: GET /
07 07 2020 09:49:26 +08:00: 
07 07 2020 09:49:26 +08:00: HTTP/1.1 200 OK
07 07 2020 09:49:26 +08:00: GET /test
07 07 2020 09:49:41 +08:00: Server listens on port 3000
07 07 2020 09:49:56 +08:00: Server listens on port 3000
07 07 2020 09:52:39 +08:00: Server listens on port 3000
07 07 2020 09:52:59 +08:00: Server listens on port 3000
07 07 2020 09:53:03 +08:00: Server listens on port 3000
07 07 2020 09:53:19 +08:00: Server listens on port 3000
07 07 2020 09:53:28 +08:00: Server listens on port 3000
07 07 2020 09:53:39 +08:00: Server listens on port 3000
07 07 2020 09:54:03 +08:00: Server listens on port 3000
07 07 2020 09:58:40 +08:00: Server listens on port 3000
07 07 2020 09:59:02 +08:00: Server listens on port 3000
07 07 2020 10:16:05 +08:00: 
07 07 2020 10:16:05 +08:00: HTTP/1.1 200 OK
07 07 2020 10:16:05 +08:00: GET /
07 07 2020 10:16:05 +08:00: 
07 07 2020 10:16:05 +08:00: HTTP/1.1 304 Not Modified
07 07 2020 10:16:05 +08:00: GET /
07 07 2020 10:16:06 +08:00: 
07 07 2020 10:16:06 +08:00: HTTP/1.1 200 OK
07 07 2020 10:16:06 +08:00: GET /
07 07 2020 10:20:36 +08:00: Server listens on port 3000
07 07 2020 10:48:22 +08:00: 
07 07 2020 10:48:22 +08:00: HTTP/1.1 200 OK
07 07 2020 10:48:22 +08:00: GET /test
07 07 2020 11:45:09 +08:00: 
07 07 2020 11:45:09 +08:00: HTTP/1.1 200 OK
07 07 2020 11:45:09 +08:00: GET /
07 07 2020 11:45:11 +08:00: 
07 07 2020 11:45:11 +08:00: HTTP/1.1 200 OK
07 07 2020 11:45:11 +08:00: GET /test
07 07 2020 11:45:14 +08:00: 
07 07 2020 11:45:14 +08:00: HTTP/1.1 200 OK
07 07 2020 11:45:14 +08:00: GET /
07 07 2020 11:45:19 +08:00: 
07 07 2020 11:45:19 +08:00: HTTP/1.1 200 OK
07 07 2020 11:45:19 +08:00: GET /test
07 07 2020 11:52:27 +08:00: Server listens on port 3000
07 07 2020 11:59:08 +08:00: 
07 07 2020 11:59:08 +08:00: HTTP/1.1 200 OK
07 07 2020 11:59:08 +08:00: GET /
07 07 2020 11:59:11 +08:00: 
07 07 2020 11:59:11 +08:00: HTTP/1.1 200 OK
07 07 2020 11:59:11 +08:00: GET /login
07 07 2020 11:59:13 +08:00: 
07 07 2020 11:59:13 +08:00: User e in, 7 6 2020 11:59:13
07 07 2020 11:59:13 +08:00: 
07 07 2020 11:59:13 +08:00: HTTP/1.1 200 OK
07 07 2020 11:59:13 +08:00: POST /login
07 07 2020 11:59:16 +08:00: 
07 07 2020 11:59:16 +08:00: HTTP/1.1 200 OK
07 07 2020 11:59:16 +08:00: GET /test
07 07 2020 11:59:17 +08:00: 
07 07 2020 11:59:17 +08:00: HTTP/1.1 200 OK
07 07 2020 11:59:17 +08:00: GET /test
07 07 2020 11:59:21 +08:00: 
07 07 2020 11:59:21 +08:00: HTTP/1.1 200 OK
07 07 2020 11:59:21 +08:00: POST /logout
07 07 2020 11:59:21 +08:00: 
07 07 2020 11:59:21 +08:00: HTTP/1.1 200 OK
07 07 2020 11:59:21 +08:00: GET /
07 07 2020 11:59:23 +08:00: 
07 07 2020 11:59:23 +08:00: HTTP/1.1 200 OK
07 07 2020 11:59:23 +08:00: GET /test
07 07 2020 11:59:26 +08:00: 
07 07 2020 11:59:26 +08:00: HTTP/1.1 200 OK
07 07 2020 11:59:26 +08:00: GET /
07 07 2020 12:05:20 +08:00: Server listens on port 3000
07 07 2020 12:05:51 +08:00: Server listens on port 3000
07 07 2020 12:06:08 +08:00: Server listens on port 3000
07 07 2020 12:06:30 +08:00: Server listens on port 3000
07 07 2020 12:06:35 +08:00: Server listens on port 3000
07 07 2020 12:06:44 +08:00: Server listens on port 3000
07 07 2020 12:06:46 +08:00: Server listens on port 3000
07 07 2020 12:07:17 +08:00: Server listens on port 3000
07 07 2020 12:07:31 +08:00: Server listens on port 3000
07 07 2020 13:21:14 +08:00: Server listens on port 3000
07 07 2020 13:21:15 +08:00: Server listens on port 3000
07 07 2020 13:21:16 +08:00: Server listens on port 3000
08 07 2020 06:42:13 +08:00: Server listens on port 3000
08 07 2020 06:42:15 +08:00: 
08 07 2020 06:42:15 +08:00: HTTP/1.1 200 OK
08 07 2020 06:42:15 +08:00: GET /
08 07 2020 06:42:17 +08:00: 
08 07 2020 06:42:17 +08:00: HTTP/1.1 200 OK
08 07 2020 06:42:17 +08:00: GET /test
08 07 2020 06:42:50 +08:00: 
08 07 2020 06:42:50 +08:00: HTTP/1.1 200 OK
08 07 2020 06:42:50 +08:00: GET /login
08 07 2020 06:42:50 +08:00: 
08 07 2020 06:42:50 +08:00: User e in, 8 6 2020 6:42:50
08 07 2020 06:42:50 +08:00: 
08 07 2020 06:42:50 +08:00: HTTP/1.1 200 OK
08 07 2020 06:42:50 +08:00: POST /login
08 07 2020 06:42:50 +08:00: 
08 07 2020 06:42:50 +08:00: HTTP/1.1 200 OK
08 07 2020 06:42:50 +08:00: POST /upload
08 07 2020 06:42:50 +08:00: 
08 07 2020 06:42:50 +08:00: HTTP/1.1 200 OK
08 07 2020 06:42:50 +08:00: POST /post
08 07 2020 06:43:23 +08:00: 
08 07 2020 06:43:23 +08:00: HTTP/1.1 200 OK
08 07 2020 06:43:23 +08:00: GET /login
08 07 2020 06:43:23 +08:00: 
08 07 2020 06:43:23 +08:00: User e in, 8 6 2020 6:43:23
08 07 2020 06:43:23 +08:00: 
08 07 2020 06:43:23 +08:00: HTTP/1.1 200 OK
08 07 2020 06:43:23 +08:00: POST /login
08 07 2020 06:43:51 +08:00: 
08 07 2020 06:43:51 +08:00: HTTP/1.1 200 OK
08 07 2020 06:43:51 +08:00: GET /login
08 07 2020 06:43:51 +08:00: 
08 07 2020 06:43:51 +08:00: User e in, 8 6 2020 6:43:51
08 07 2020 06:43:51 +08:00: 
08 07 2020 06:43:51 +08:00: HTTP/1.1 200 OK
08 07 2020 06:43:51 +08:00: POST /login
08 07 2020 06:43:52 +08:00: 
08 07 2020 06:43:52 +08:00: HTTP/1.1 200 OK
08 07 2020 06:43:52 +08:00: POST /post
08 07 2020 06:43:53 +08:00: 
08 07 2020 06:43:53 +08:00: HTTP/1.1 200 OK
08 07 2020 06:43:53 +08:00: GET /
08 07 2020 06:43:54 +08:00: 
08 07 2020 06:43:54 +08:00: HTTP/1.1 200 OK
08 07 2020 06:43:54 +08:00: GET /test
08 07 2020 08:17:31 +08:00: 
08 07 2020 08:17:31 +08:00: HTTP/1.1 200 OK
08 07 2020 08:17:31 +08:00: GET /test
08 07 2020 08:24:21 +08:00: 
08 07 2020 08:24:21 +08:00: HTTP/1.1 200 OK
08 07 2020 08:24:21 +08:00: GET /
08 07 2020 08:29:44 +08:00: 
08 07 2020 08:29:44 +08:00: HTTP/1.1 200 OK
08 07 2020 08:29:44 +08:00: GET /qwe
08 07 2020 08:29:47 +08:00: 
08 07 2020 08:29:47 +08:00: HTTP/1.1 200 OK
08 07 2020 08:29:47 +08:00: GET /test
08 07 2020 10:02:20 +08:00: Server listens on port 3000
08 07 2020 10:29:19 +08:00: Server listens on port 3000
08 07 2020 10:29:22 +08:00: Server listens on port 3000
08 07 2020 10:29:32 +08:00: Server listens on port 3000
08 07 2020 10:29:53 +08:00: Server listens on port 3000
08 07 2020 10:37:56 +08:00: Server listens on port 3000
08 07 2020 10:38:17 +08:00: Server listens on port 3000
08 07 2020 10:38:31 +08:00: Server listens on port 3000
08 07 2020 10:38:33 +08:00: Server listens on port 3000
08 07 2020 10:38:52 +08:00: Server listens on port 3000
08 07 2020 10:38:55 +08:00: Server listens on port 3000
08 07 2020 10:46:00 +08:00: Server listens on port 3000
09 07 2020 12:01:29 +08:00: Server listens on port 3000
09 07 2020 12:01:31 +08:00: 
09 07 2020 12:01:31 +08:00: HTTP/1.1 200 OK
09 07 2020 12:01:31 +08:00: GET /
09 07 2020 12:01:32 +08:00: 
09 07 2020 12:01:32 +08:00: HTTP/1.1 200 OK
09 07 2020 12:01:32 +08:00: GET /test
09 07 2020 12:01:39 +08:00: 
09 07 2020 12:01:39 +08:00: HTTP/1.1 200 OK
09 07 2020 12:01:39 +08:00: GET /
09 07 2020 12:07:02 +08:00: Server listens on port 3000
09 07 2020 12:07:15 +08:00: Server listens on port 3000
09 07 2020 12:07:57 +08:00: Server listens on port 3000
09 07 2020 12:07:59 +08:00: Server listens on port 3000
09 07 2020 12:08:26 +08:00: Server listens on port 3000
09 07 2020 12:13:31 +08:00: Server listens on port 3000
09 07 2020 12:18:41 +08:00: Server listens on port 3000
09 07 2020 12:22:10 +08:00: Server listens on port 3000
09 07 2020 12:22:20 +08:00: Server listens on port 3000
09 07 2020 12:22:21 +08:00: Server listens on port 3000
09 07 2020 12:22:36 +08:00: Server listens on port 3000
09 07 2020 12:22:51 +08:00: Server listens on port 3000
09 07 2020 12:23:08 +08:00: Server listens on port 3000
09 07 2020 12:23:47 +08:00: Server listens on port 3000
09 07 2020 12:23:51 +08:00: Server listens on port 3000
09 07 2020 12:23:54 +08:00: Server listens on port 3000
09 07 2020 12:24:10 +08:00: Server listens on port 3000
09 07 2020 12:24:25 +08:00: Server listens on port 3000
09 07 2020 12:24:31 +08:00: Server listens on port 3000
09 07 2020 12:27:16 +08:00: Server listens on port 3000
09 07 2020 12:27:18 +08:00: Server listens on port 3000
09 07 2020 12:27:47 +08:00: Server listens on port 3000
09 07 2020 12:28:26 +08:00: Server listens on port 3000
09 07 2020 12:28:28 +08:00: Server listens on port 3000
09 07 2020 12:28:29 +08:00: Server listens on port 3000
09 07 2020 12:28:36 +08:00: Server listens on port 3000
09 07 2020 12:29:36 +08:00: Server listens on port 3000
09 07 2020 12:29:53 +08:00: Server listens on port 3000
09 07 2020 12:30:03 +08:00: Server listens on port 3000
09 07 2020 12:30:04 +08:00: Server listens on port 3000
09 07 2020 12:30:24 +08:00: Server listens on port 3000
09 07 2020 12:30:43 +08:00: Server listens on port 3000
09 07 2020 12:30:45 +08:00: Server listens on port 3000
09 07 2020 12:30:46 +08:00: Server listens on port 3000
09 07 2020 12:30:55 +08:00: Server listens on port 3000
09 07 2020 12:32:03 +08:00: Server listens on port 3000
09 07 2020 12:32:59 +08:00: Server listens on port 3000
09 07 2020 12:33:45 +08:00: Server listens on port 3000
09 07 2020 12:33:48 +08:00: Server listens on port 3000
09 07 2020 12:33:51 +08:00: Server listens on port 3000
09 07 2020 12:34:04 +08:00: Server listens on port 3000
09 07 2020 12:37:34 +08:00: Server listens on port 3000
09 07 2020 12:37:46 +08:00: Server listens on port 3000
09 07 2020 12:37:58 +08:00: Server listens on port 3000
09 07 2020 12:38:20 +08:00: Server listens on port 3000
09 07 2020 12:38:21 +08:00: Server listens on port 3000
09 07 2020 12:39:01 +08:00: Server listens on port 3000
09 07 2020 12:39:07 +08:00: Server listens on port 3000
09 07 2020 12:39:12 +08:00: Server listens on port 3000
09 07 2020 12:39:14 +08:00: Server listens on port 3000
09 07 2020 14:40:54 +08:00: Server listens on port 3000
09 07 2020 14:41:03 +08:00: Server listens on port 3000
09 07 2020 14:41:07 +08:00: Server listens on port 3000
09 07 2020 14:41:43 +08:00: Server listens on port 3000
09 07 2020 14:48:11 +08:00: Server listens on port 3000
09 07 2020 14:48:18 +08:00: Server listens on port 3000
09 07 2020 18:24:45 +08:00: Server listens on port 3000
09 07 2020 18:33:07 +08:00: Server listens on port 3000
09 07 2020 18:37:19 +08:00: Server listens on port 3000
09 07 2020 18:37:45 +08:00: Server listens on port 3000
09 07 2020 18:38:19 +08:00: Server listens on port 3000
09 07 2020 18:38:22 +08:00: Server listens on port 3000
09 07 2020 18:40:19 +08:00: Server listens on port 3000
09 07 2020 18:40:21 +08:00: Server listens on port 3000
09 07 2020 18:41:43 +08:00: Server listens on port 3000
09 07 2020 18:42:38 +08:00: Server listens on port 3000
09 07 2020 19:04:31 +08:00: Server listens on port 3000
10 07 2020 06:41:48 +08:00: Server listens on port 3000
10 07 2020 06:50:34 +08:00: Server listens on port 3000
10 07 2020 07:11:20 +08:00: Server listens on port 3000
12 07 2020 12:07:49 +08:00: Server listens on port 3000
13 07 2020 01:12:31 +08:00: Server listens on port 3000
13 07 2020 10:50:01 +08:00: 
13 07 2020 10:50:01 +08:00: HTTP/1.1 200 OK
13 07 2020 10:50:01 +08:00: GET /
13 07 2020 10:50:04 +08:00: 
13 07 2020 10:50:04 +08:00: HTTP/1.1 200 OK
13 07 2020 10:50:04 +08:00: GET /lkj
13 07 2020 10:50:06 +08:00: 
13 07 2020 10:50:06 +08:00: HTTP/1.1 200 OK
13 07 2020 10:50:06 +08:00: GET /lkj
13 07 2020 10:50:08 +08:00: 
13 07 2020 10:50:08 +08:00: HTTP/1.1 200 OK
13 07 2020 10:50:08 +08:00: GET /lkj
13 07 2020 10:50:10 +08:00: 
13 07 2020 10:50:10 +08:00: HTTP/1.1 200 OK
13 07 2020 10:50:10 +08:00: GET /lkj
13 07 2020 10:50:13 +08:00: 
13 07 2020 10:50:13 +08:00: HTTP/1.1 200 OK
13 07 2020 10:50:13 +08:00: GET /test
17 07 2020 07:50:02 +08:00: Server listens on port 3000
17 07 2020 07:50:12 +08:00: 
17 07 2020 07:50:12 +08:00: HTTP/1.1 200 OK
17 07 2020 07:50:12 +08:00: GET /
17 07 2020 07:50:14 +08:00: 
17 07 2020 07:50:14 +08:00: HTTP/1.1 200 OK
17 07 2020 07:50:14 +08:00: GET /lkj
17 07 2020 07:50:15 +08:00: 
17 07 2020 07:50:15 +08:00: HTTP/1.1 200 OK
17 07 2020 07:50:15 +08:00: GET /qwe
17 07 2020 07:50:29 +08:00: 
17 07 2020 07:50:29 +08:00: HTTP/1.1 200 OK
17 07 2020 07:50:29 +08:00: GET /test
17 07 2020 10:10:16 +08:00: 
17 07 2020 10:10:16 +08:00: HTTP/1.1 200 OK
17 07 2020 10:10:16 +08:00: GET /
17 07 2020 10:34:59 +08:00: 
17 07 2020 10:34:59 +08:00: HTTP/1.1 200 OK
17 07 2020 10:34:59 +08:00: GET /lkj
17 07 2020 10:35:01 +08:00: 
17 07 2020 10:35:01 +08:00: HTTP/1.1 200 OK
17 07 2020 10:35:01 +08:00: GET /qwe
17 07 2020 10:35:05 +08:00: 
17 07 2020 10:35:05 +08:00: HTTP/1.1 200 OK
17 07 2020 10:35:05 +08:00: GET /
17 07 2020 10:35:05 +08:00: 
17 07 2020 10:35:05 +08:00: HTTP/1.1 200 OK
17 07 2020 10:35:05 +08:00: GET /
20 07 2020 07:45:21 +08:00: Server listens on port 3000
20 07 2020 07:45:35 +08:00: 
20 07 2020 07:45:35 +08:00: HTTP/1.1 200 OK
20 07 2020 07:45:35 +08:00: GET /
20 07 2020 07:45:37 +08:00: 
20 07 2020 07:45:37 +08:00: HTTP/1.1 200 OK
20 07 2020 07:45:37 +08:00: GET /test
20 07 2020 07:45:40 +08:00: 
20 07 2020 07:45:40 +08:00: HTTP/1.1 200 OK
20 07 2020 07:45:40 +08:00: GET /qwe
20 07 2020 07:45:43 +08:00: 
20 07 2020 07:45:43 +08:00: HTTP/1.1 200 OK
20 07 2020 07:45:43 +08:00: GET /lkj
20 07 2020 07:45:46 +08:00: 
20 07 2020 07:45:46 +08:00: HTTP/1.1 200 OK
20 07 2020 07:45:46 +08:00: GET /login
20 07 2020 07:46:52 +08:00: 
20 07 2020 07:46:52 +08:00: HTTP/1.1 200 OK
20 07 2020 07:46:52 +08:00: GET /
20 07 2020 07:46:58 +08:00: 
20 07 2020 07:46:58 +08:00: HTTP/1.1 200 OK
20 07 2020 07:46:58 +08:00: GET /
20 07 2020 07:47:02 +08:00: 
20 07 2020 07:47:02 +08:00: User e in, 20 6 2020 7:47:02
20 07 2020 07:47:02 +08:00: 
20 07 2020 07:47:02 +08:00: HTTP/1.1 200 OK
20 07 2020 07:47:02 +08:00: POST /login
20 07 2020 07:47:08 +08:00: 
20 07 2020 07:47:08 +08:00: HTTP/1.1 200 OK
20 07 2020 07:47:08 +08:00: POST /logout
20 07 2020 07:47:09 +08:00: 
20 07 2020 07:47:09 +08:00: HTTP/1.1 200 OK
20 07 2020 07:47:09 +08:00: GET /
20 07 2020 07:47:10 +08:00: 
20 07 2020 07:47:10 +08:00: HTTP/1.1 200 OK
20 07 2020 07:47:10 +08:00: GET /qwe
20 07 2020 07:47:12 +08:00: 
20 07 2020 07:47:12 +08:00: HTTP/1.1 200 OK
20 07 2020 07:47:12 +08:00: GET /qwe
20 07 2020 07:48:20 +08:00: Server listens on port 3000
20 07 2020 07:48:30 +08:00: Server listens on port 3000
20 07 2020 07:48:41 +08:00: 
20 07 2020 07:48:41 +08:00: HTTP/1.1 200 OK
20 07 2020 07:48:41 +08:00: GET /
20 07 2020 07:48:42 +08:00: 
20 07 2020 07:48:42 +08:00: HTTP/1.1 200 OK
20 07 2020 07:48:42 +08:00: GET /login
20 07 2020 07:48:43 +08:00: 
20 07 2020 07:48:43 +08:00: User e in, 20 6 2020 7:48:43
20 07 2020 07:48:43 +08:00: 
20 07 2020 07:48:43 +08:00: HTTP/1.1 200 OK
20 07 2020 07:48:43 +08:00: POST /login
20 07 2020 07:48:45 +08:00: 
20 07 2020 07:48:45 +08:00: HTTP/1.1 200 OK
20 07 2020 07:48:45 +08:00: POST /logout
20 07 2020 07:48:45 +08:00: 
20 07 2020 07:48:45 +08:00: HTTP/1.1 200 OK
20 07 2020 07:48:45 +08:00: GET /
20 07 2020 07:48:47 +08:00: 
20 07 2020 07:48:47 +08:00: HTTP/1.1 200 OK
20 07 2020 07:48:47 +08:00: GET /login
20 07 2020 07:48:58 +08:00: 
20 07 2020 07:48:58 +08:00: User e in, 20 6 2020 7:48:58
20 07 2020 07:48:58 +08:00: 
20 07 2020 07:48:58 +08:00: HTTP/1.1 200 OK
20 07 2020 07:48:58 +08:00: POST /login
20 07 2020 07:48:59 +08:00: 
20 07 2020 07:48:59 +08:00: HTTP/1.1 200 OK
20 07 2020 07:48:59 +08:00: POST /logout
20 07 2020 07:49:00 +08:00: 
20 07 2020 07:49:00 +08:00: HTTP/1.1 200 OK
20 07 2020 07:49:00 +08:00: GET /
20 07 2020 09:50:01 +08:00: 
20 07 2020 09:50:01 +08:00: HTTP/1.1 200 OK
20 07 2020 09:50:01 +08:00: GET /
20 07 2020 09:50:02 +08:00: 
20 07 2020 09:50:02 +08:00: HTTP/1.1 200 OK
20 07 2020 09:50:02 +08:00: GET /qwe
20 07 2020 09:50:05 +08:00: 
20 07 2020 09:50:05 +08:00: HTTP/1.1 200 OK
20 07 2020 09:50:05 +08:00: GET /login
20 07 2020 09:52:37 +08:00: Server listens on port 3000
20 07 2020 09:52:44 +08:00: 
20 07 2020 09:52:44 +08:00: HTTP/1.1 200 OK
20 07 2020 09:52:44 +08:00: GET /
20 07 2020 09:52:57 +08:00: 
20 07 2020 09:52:57 +08:00: HTTP/1.1 200 OK
20 07 2020 09:52:57 +08:00: GET /
20 07 2020 09:52:59 +08:00: 
20 07 2020 09:52:59 +08:00: HTTP/1.1 200 OK
20 07 2020 09:52:59 +08:00: GET /login
20 07 2020 09:53:26 +08:00: 
20 07 2020 09:53:26 +08:00: HTTP/1.1 200 OK
20 07 2020 09:53:26 +08:00: GET /
20 07 2020 09:55:21 +08:00: 
20 07 2020 09:55:21 +08:00: HTTP/1.1 200 OK
20 07 2020 09:55:21 +08:00: GET /
20 07 2020 09:55:28 +08:00: 
20 07 2020 09:55:28 +08:00: HTTP/1.1 200 OK
20 07 2020 09:55:28 +08:00: GET /
20 07 2020 10:00:03 +08:00: 
20 07 2020 10:00:03 +08:00: HTTP/1.1 200 OK
20 07 2020 10:00:03 +08:00: GET /
20 07 2020 10:05:45 +08:00: 
20 07 2020 10:05:45 +08:00: HTTP/1.1 200 OK
20 07 2020 10:05:45 +08:00: GET /
20 07 2020 10:05:51 +08:00: 
20 07 2020 10:05:51 +08:00: User e in, 20 6 2020 10:05:51
20 07 2020 10:05:51 +08:00: 
20 07 2020 10:05:51 +08:00: HTTP/1.1 200 OK
20 07 2020 10:05:51 +08:00: POST /login
20 07 2020 10:05:53 +08:00: 
20 07 2020 10:05:53 +08:00: HTTP/1.1 200 OK
20 07 2020 10:05:53 +08:00: POST /logout
20 07 2020 10:05:54 +08:00: 
20 07 2020 10:05:54 +08:00: HTTP/1.1 200 OK
20 07 2020 10:05:54 +08:00: GET /
20 07 2020 10:05:56 +08:00: 
20 07 2020 10:05:56 +08:00: HTTP/1.1 200 OK
20 07 2020 10:05:56 +08:00: GET /login
20 07 2020 10:05:58 +08:00: 
20 07 2020 10:05:58 +08:00: User e in, 20 6 2020 10:05:58
20 07 2020 10:05:58 +08:00: 
20 07 2020 10:05:58 +08:00: HTTP/1.1 200 OK
20 07 2020 10:05:58 +08:00: POST /login
20 07 2020 10:06:00 +08:00: 
20 07 2020 10:06:00 +08:00: HTTP/1.1 200 OK
20 07 2020 10:06:00 +08:00: POST /logout
20 07 2020 10:06:01 +08:00: 
20 07 2020 10:06:01 +08:00: HTTP/1.1 200 OK
20 07 2020 10:06:01 +08:00: GET /login
20 07 2020 10:06:04 +08:00: 
20 07 2020 10:06:04 +08:00: HTTP/1.1 200 OK
20 07 2020 10:06:04 +08:00: GET /
20 07 2020 10:58:05 +08:00: 
20 07 2020 10:58:05 +08:00: HTTP/1.1 200 OK
20 07 2020 10:58:05 +08:00: GET /
20 07 2020 11:02:31 +08:00: 
20 07 2020 11:02:31 +08:00: HTTP/1.1 200 OK
20 07 2020 11:02:31 +08:00: GET /lkj
20 07 2020 14:57:41 +08:00: 
20 07 2020 14:57:41 +08:00: HTTP/1.1 200 OK
20 07 2020 14:57:41 +08:00: GET /
20 07 2020 15:02:08 +08:00: 
20 07 2020 15:02:08 +08:00: HTTP/1.1 200 OK
20 07 2020 15:02:08 +08:00: GET /
20 07 2020 15:02:31 +08:00: Server listens on port 3000
20 07 2020 15:02:34 +08:00: 
20 07 2020 15:02:34 +08:00: HTTP/1.1 200 OK
20 07 2020 15:02:34 +08:00: GET /
20 07 2020 15:02:36 +08:00: 
20 07 2020 15:02:36 +08:00: HTTP/1.1 200 OK
20 07 2020 15:02:36 +08:00: GET /login
20 07 2020 15:02:48 +08:00: 
20 07 2020 15:02:48 +08:00: HTTP/1.1 200 OK
20 07 2020 15:02:48 +08:00: GET /qwe
20 07 2020 15:02:52 +08:00: 
20 07 2020 15:02:52 +08:00: HTTP/1.1 200 OK
20 07 2020 15:02:52 +08:00: GET /qwe
20 07 2020 15:05:43 +08:00: 
20 07 2020 15:05:43 +08:00: HTTP/1.1 200 OK
20 07 2020 15:05:43 +08:00: GET /
20 07 2020 15:05:46 +08:00: 
20 07 2020 15:05:46 +08:00: User e in, 20 6 2020 15:05:46
20 07 2020 15:05:46 +08:00: 
20 07 2020 15:05:46 +08:00: HTTP/1.1 200 OK
20 07 2020 15:05:46 +08:00: POST /login
20 07 2020 15:05:49 +08:00: 
20 07 2020 15:05:49 +08:00: HTTP/1.1 200 OK
20 07 2020 15:05:49 +08:00: GET /
20 07 2020 15:05:50 +08:00: 
20 07 2020 15:05:50 +08:00: HTTP/1.1 200 OK
20 07 2020 15:05:50 +08:00: POST /logout
20 07 2020 15:05:52 +08:00: 
20 07 2020 15:05:52 +08:00: HTTP/1.1 200 OK
20 07 2020 15:05:52 +08:00: GET /
20 07 2020 15:05:53 +08:00: 
20 07 2020 15:05:53 +08:00: HTTP/1.1 200 OK
20 07 2020 15:05:53 +08:00: GET /login
20 07 2020 15:05:54 +08:00: 
20 07 2020 15:05:54 +08:00: User e in, 20 6 2020 15:05:54
20 07 2020 15:05:54 +08:00: 
20 07 2020 15:05:54 +08:00: HTTP/1.1 200 OK
20 07 2020 15:05:54 +08:00: POST /login
20 07 2020 15:05:56 +08:00: 
20 07 2020 15:05:56 +08:00: HTTP/1.1 200 OK
20 07 2020 15:05:56 +08:00: GET /
20 07 2020 15:05:57 +08:00: 
20 07 2020 15:05:57 +08:00: HTTP/1.1 200 OK
20 07 2020 15:05:57 +08:00: GET /qwe
20 07 2020 15:05:59 +08:00: 
20 07 2020 15:05:59 +08:00: HTTP/1.1 200 OK
20 07 2020 15:05:59 +08:00: POST /logout
20 07 2020 15:06:00 +08:00: 
20 07 2020 15:06:00 +08:00: HTTP/1.1 200 OK
20 07 2020 15:06:00 +08:00: GET /qwe
20 07 2020 15:06:02 +08:00: 
20 07 2020 15:06:02 +08:00: HTTP/1.1 200 OK
20 07 2020 15:06:02 +08:00: GET /
20 07 2020 15:06:03 +08:00: 
20 07 2020 15:06:03 +08:00: HTTP/1.1 200 OK
20 07 2020 15:06:03 +08:00: GET /
20 07 2020 15:06:04 +08:00: 
20 07 2020 15:06:04 +08:00: HTTP/1.1 200 OK
20 07 2020 15:06:04 +08:00: GET /
21 07 2020 19:02:36 +08:00: 
21 07 2020 19:02:36 +08:00: HTTP/1.1 200 OK
21 07 2020 19:02:36 +08:00: GET /
21 07 2020 19:02:42 +08:00: 
21 07 2020 19:02:42 +08:00: HTTP/1.1 200 OK
21 07 2020 19:02:42 +08:00: GET /qwe
21 07 2020 19:02:45 +08:00: 
21 07 2020 19:02:45 +08:00: HTTP/1.1 200 OK
21 07 2020 19:02:45 +08:00: GET /login
21 07 2020 19:02:57 +08:00: 
21 07 2020 19:02:57 +08:00: User e in, 21 6 2020 19:02:57
21 07 2020 19:02:57 +08:00: 
21 07 2020 19:02:57 +08:00: HTTP/1.1 200 OK
21 07 2020 19:02:57 +08:00: POST /login
21 07 2020 19:02:59 +08:00: 
21 07 2020 19:02:59 +08:00: HTTP/1.1 200 OK
21 07 2020 19:02:59 +08:00: POST /logout
21 07 2020 19:03:00 +08:00: 
21 07 2020 19:03:00 +08:00: HTTP/1.1 200 OK
21 07 2020 19:03:00 +08:00: GET /login
21 07 2020 19:04:00 +08:00: 
21 07 2020 19:04:00 +08:00: HTTP/1.1 200 OK
21 07 2020 19:04:00 +08:00: GET /
21 07 2020 19:04:19 +08:00: 
21 07 2020 19:04:19 +08:00: HTTP/1.1 200 OK
21 07 2020 19:04:19 +08:00: GET /
21 07 2020 19:11:54 +08:00: Server listens on port 3000
21 07 2020 19:11:58 +08:00: 
21 07 2020 19:11:58 +08:00: HTTP/1.1 200 OK
21 07 2020 19:11:58 +08:00: GET /
21 07 2020 19:12:01 +08:00: 
21 07 2020 19:12:01 +08:00: HTTP/1.1 200 OK
21 07 2020 19:12:01 +08:00: GET /login
21 07 2020 19:12:25 +08:00: 
21 07 2020 19:12:25 +08:00: HTTP/1.1 200 OK
21 07 2020 19:12:25 +08:00: GET /
21 07 2020 19:12:26 +08:00: 
21 07 2020 19:12:26 +08:00: HTTP/1.1 200 OK
21 07 2020 19:12:26 +08:00: GET /qwe
21 07 2020 19:12:28 +08:00: 
21 07 2020 19:12:28 +08:00: HTTP/1.1 200 OK
21 07 2020 19:12:28 +08:00: GET /test
23 07 2020 09:10:55 +08:00: Server listens on port 3000
23 07 2020 09:11:02 +08:00: 
23 07 2020 09:11:02 +08:00: HTTP/1.1 200 OK
23 07 2020 09:11:02 +08:00: GET /
23 07 2020 09:11:04 +08:00: 
23 07 2020 09:11:04 +08:00: HTTP/1.1 200 OK
23 07 2020 09:11:04 +08:00: GET /test
23 07 2020 09:11:12 +08:00: 
23 07 2020 09:11:12 +08:00: HTTP/1.1 200 OK
23 07 2020 09:11:12 +08:00: GET /login
23 07 2020 09:11:13 +08:00: 
23 07 2020 09:11:13 +08:00: User e in, 23 6 2020 9:11:13
23 07 2020 09:11:13 +08:00: 
23 07 2020 09:11:13 +08:00: HTTP/1.1 200 OK
23 07 2020 09:11:13 +08:00: POST /login
23 07 2020 09:11:16 +08:00: 
23 07 2020 09:11:16 +08:00: HTTP/1.1 200 OK
23 07 2020 09:11:16 +08:00: POST /logout
23 07 2020 09:11:16 +08:00: 
23 07 2020 09:11:16 +08:00: HTTP/1.1 200 OK
23 07 2020 09:11:16 +08:00: GET /test
24 07 2020 20:34:59 +08:00: Server listens on port 3000
24 07 2020 20:35:56 +08:00: 
24 07 2020 20:35:56 +08:00: HTTP/1.1 200 OK
24 07 2020 20:35:56 +08:00: GET /
24 07 2020 20:35:58 +08:00: 
24 07 2020 20:35:58 +08:00: HTTP/1.1 200 OK
24 07 2020 20:35:58 +08:00: GET /test
24 07 2020 20:36:00 +08:00: 
24 07 2020 20:36:00 +08:00: HTTP/1.1 200 OK
24 07 2020 20:36:00 +08:00: GET /test
24 07 2020 20:36:04 +08:00: 
24 07 2020 20:36:04 +08:00: HTTP/1.1 200 OK
24 07 2020 20:36:04 +08:00: GET /qwe
